c:\users\young31lin\source\repos\oop_work-youngajay\lab5\lab5\x64\debug\vc142.pdb
c:\users\young31lin\source\repos\oop_work-youngajay\lab5\lab5\x64\debug\vc142.idb
c:\users\young31lin\source\repos\oop_work-youngajay\lab5\lab5\x64\debug\touch_cat.obj
c:\users\young31lin\source\repos\oop_work-youngajay\lab5\lab5\x64\debug\renameparsingstrategy.obj
c:\users\young31lin\source\repos\oop_work-youngajay\lab5\lab5\x64\debug\macrocommand.obj
c:\users\young31lin\source\repos\oop_work-youngajay\lab5\lab5\x64\debug\lab5.obj
c:\users\young31lin\source\repos\oop_work-youngajay\lab5\lab5\x64\debug\touchcommand.obj
c:\users\young31lin\source\repos\oop_work-youngajay\lab5\lab5\x64\debug\textfile.obj
c:\users\young31lin\source\repos\oop_work-youngajay\lab5\lab5\x64\debug\simplefilesystem.obj
c:\users\young31lin\source\repos\oop_work-youngajay\lab5\lab5\x64\debug\simplefilefactory.obj
c:\users\young31lin\source\repos\oop_work-youngajay\lab5\lab5\x64\debug\removecommand.obj
c:\users\young31lin\source\repos\oop_work-youngajay\lab5\lab5\x64\debug\passwordproxy.obj
c:\users\young31lin\source\repos\oop_work-youngajay\lab5\lab5\x64\debug\metadatadisplayvisitor.obj
c:\users\young31lin\source\repos\oop_work-youngajay\lab5\lab5\x64\debug\lscommand.obj
c:\users\young31lin\source\repos\oop_work-youngajay\lab5\lab5\x64\debug\imagefile.obj
c:\users\young31lin\source\repos\oop_work-youngajay\lab5\lab5\x64\debug\displaycommand.obj
c:\users\young31lin\source\repos\oop_work-youngajay\lab5\lab5\x64\debug\copycommand.obj
c:\users\young31lin\source\repos\oop_work-youngajay\lab5\lab5\x64\debug\commandprompt.obj
c:\users\young31lin\source\repos\oop_work-youngajay\lab5\lab5\x64\debug\basicdisplayvisitor.obj
c:\users\young31lin\source\repos\oop_work-youngajay\lab5\lab5\x64\debug\catcommand.obj
c:\users\young31lin\source\repos\oop_work-youngajay\lab5\x64\debug\lab5.exe
c:\users\young31lin\source\repos\oop_work-youngajay\lab5\lab5\x64\debug\lab5.ilk
c:\users\young31lin\source\repos\oop_work-youngajay\lab5\x64\debug\lab5.pdb
c:\users\young31lin\source\repos\oop_work-youngajay\lab5\lab5\x64\debug\lab5.tlog\cl.command.1.tlog
c:\users\young31lin\source\repos\oop_work-youngajay\lab5\lab5\x64\debug\lab5.tlog\cl.read.1.tlog
c:\users\young31lin\source\repos\oop_work-youngajay\lab5\lab5\x64\debug\lab5.tlog\cl.write.1.tlog
c:\users\young31lin\source\repos\oop_work-youngajay\lab5\lab5\x64\debug\lab5.tlog\link.command.1.tlog
c:\users\young31lin\source\repos\oop_work-youngajay\lab5\lab5\x64\debug\lab5.tlog\link.read.1.tlog
c:\users\young31lin\source\repos\oop_work-youngajay\lab5\lab5\x64\debug\lab5.tlog\link.write.1.tlog
